生成启动时间为 2014-1-2 13:26:59。
     1>项目“C:\Documents and Settings\Administrator.CHINA-1D2299114\My Documents\Visual Studio 2010\Projects\ID3\ID3\ID3.vcxproj”在节点 2 上(build 个目标)。
     1>InitializeBuildStatus:
         正在创建“Debug\ID3.unsuccessfulbuild”，因为已指定“AlwaysCreate”。
       ClCompile:
         c:\Program Files\Microsoft Visual Studio 10.0\VC\bin\CL.exe /c /ZI /nologo /W3 /WX- /Od /Oy- /D WIN32 /D _DEBUG /D _CONSOLE /D _UNICODE /D UNICODE /Gm /EHsc /RTC1 /MDd /GS /fp:precise /Zc:wchar_t /Zc:forScope /Fo"Debug\\" /Fd"Debug\vc100.pdb" /Gd /TP /analyze- /errorReport:prompt ID3.cpp
         ID3.cpp
     1>c:\documents and settings\administrator.china-1d2299114\my documents\visual studio 2010\projects\id3\id3\id3.cpp(53): warning C4018: “<”: 有符号/无符号不匹配
     1>c:\documents and settings\administrator.china-1d2299114\my documents\visual studio 2010\projects\id3\id3\id3.cpp(78): warning C4018: “<”: 有符号/无符号不匹配
     1>c:\documents and settings\administrator.china-1d2299114\my documents\visual studio 2010\projects\id3\id3\id3.cpp(115): warning C4018: “<”: 有符号/无符号不匹配
     1>c:\documents and settings\administrator.china-1d2299114\my documents\visual studio 2010\projects\id3\id3\id3.cpp(122): warning C4018: “<”: 有符号/无符号不匹配
     1>c:\documents and settings\administrator.china-1d2299114\my documents\visual studio 2010\projects\id3\id3\id3.cpp(159): warning C4018: “<”: 有符号/无符号不匹配
     1>c:\documents and settings\administrator.china-1d2299114\my documents\visual studio 2010\projects\id3\id3\id3.cpp(172): warning C4018: “<”: 有符号/无符号不匹配
     1>c:\documents and settings\administrator.china-1d2299114\my documents\visual studio 2010\projects\id3\id3\id3.cpp(179): warning C4018: “<”: 有符号/无符号不匹配
     1>c:\documents and settings\administrator.china-1d2299114\my documents\visual studio 2010\projects\id3\id3\id3.cpp(183): warning C4018: “<”: 有符号/无符号不匹配
     1>c:\documents and settings\administrator.china-1d2299114\my documents\visual studio 2010\projects\id3\id3\id3.cpp(207): warning C4018: “<”: 有符号/无符号不匹配
     1>c:\documents and settings\administrator.china-1d2299114\my documents\visual studio 2010\projects\id3\id3\id3.cpp(211): warning C4018: “<”: 有符号/无符号不匹配
     1>c:\documents and settings\administrator.china-1d2299114\my documents\visual studio 2010\projects\id3\id3\id3.cpp(221): warning C4018: “<”: 有符号/无符号不匹配
     1>c:\documents and settings\administrator.china-1d2299114\my documents\visual studio 2010\projects\id3\id3\id3.cpp(225): warning C4018: “<”: 有符号/无符号不匹配
     1>c:\documents and settings\administrator.china-1d2299114\my documents\visual studio 2010\projects\id3\id3\id3.cpp(245): warning C4018: “<”: 有符号/无符号不匹配
     1>c:\documents and settings\administrator.china-1d2299114\my documents\visual studio 2010\projects\id3\id3\id3.cpp(332): warning C4018: “<”: 有符号/无符号不匹配
       ManifestResourceCompile:
         所有输出均为最新。
       Link:
         c:\Program Files\Microsoft Visual Studio 10.0\VC\bin\link.exe /ERRORREPORT:PROMPT /OUT:"C:\Documents and Settings\Administrator.CHINA-1D2299114\My Documents\Visual Studio 2010\Projects\ID3\Debug\ID3.exe" /INCREMENTAL /NOLOGO kernel32.lib user32.lib gdi32.lib winspool.lib comdlg32.lib advapi32.lib shell32.lib ole32.lib oleaut32.lib uuid.lib odbc32.lib odbccp32.lib /MANIFEST /ManifestFile:"Debug\ID3.exe.intermediate.manifest" /MANIFESTUAC:"level='asInvoker' uiAccess='false'" /DEBUG /PDB:"C:\Documents and Settings\Administrator.CHINA-1D2299114\My Documents\Visual Studio 2010\Projects\ID3\Debug\ID3.pdb" /SUBSYSTEM:CONSOLE /TLBID:1 /DYNAMICBASE /NXCOMPAT /IMPLIB:"C:\Documents and Settings\Administrator.CHINA-1D2299114\My Documents\Visual Studio 2010\Projects\ID3\Debug\ID3.lib" /MACHINE:X86 Debug\ID3.exe.embed.manifest.res
         Debug\ID3.obj
       Manifest:
         c:\Program Files\Microsoft SDKs\Windows\v7.0A\bin\mt.exe /nologo /verbose /out:"Debug\ID3.exe.embed.manifest" /manifest Debug\ID3.exe.intermediate.manifest
         所有输出均为最新。
       LinkEmbedManifest:
         所有输出均为最新。
         ID3.vcxproj -> C:\Documents and Settings\Administrator.CHINA-1D2299114\My Documents\Visual Studio 2010\Projects\ID3\Debug\ID3.exe
       FinalizeBuildStatus:
         正在删除文件“Debug\ID3.unsuccessfulbuild”。
         正在对“Debug\ID3.lastbuildstate”执行 Touch 任务。
     1>已完成生成项目“C:\Documents and Settings\Administrator.CHINA-1D2299114\My Documents\Visual Studio 2010\Projects\ID3\ID3\ID3.vcxproj”(build 个目标)的操作。

生成成功。

已用时间 00:00:01.67
