生成启动时间为 2014-1-2 13:35:22。
     1>项目“C:\Documents and Settings\Administrator.CHINA-1D2299114\My Documents\Visual Studio 2010\Projects\C4.5\C4.5\C4.5.vcxproj”在节点 2 上(build 个目标)。
     1>InitializeBuildStatus:
         正在创建“Debug\C4.5.unsuccessfulbuild”，因为已指定“AlwaysCreate”。
       ClCompile:
         c:\Program Files\Microsoft Visual Studio 10.0\VC\bin\CL.exe /c /ZI /nologo /W3 /WX- /Od /Oy- /D WIN32 /D _DEBUG /D _CONSOLE /D _UNICODE /D UNICODE /Gm /EHsc /RTC1 /MDd /GS /fp:precise /Zc:wchar_t /Zc:forScope /Fo"Debug\\" /Fd"Debug\vc100.pdb" /Gd /TP /analyze- /errorReport:prompt C4.5.cpp
         C4.5.cpp
     1>c:\documents and settings\administrator.china-1d2299114\my documents\visual studio 2010\projects\c4.5\c4.5\c4.5.cpp(60): warning C4018: “<”: 有符号/无符号不匹配
     1>c:\documents and settings\administrator.china-1d2299114\my documents\visual studio 2010\projects\c4.5\c4.5\c4.5.cpp(83): warning C4018: “<”: 有符号/无符号不匹配
     1>c:\documents and settings\administrator.china-1d2299114\my documents\visual studio 2010\projects\c4.5\c4.5\c4.5.cpp(120): warning C4018: “<”: 有符号/无符号不匹配
     1>c:\documents and settings\administrator.china-1d2299114\my documents\visual studio 2010\projects\c4.5\c4.5\c4.5.cpp(127): warning C4018: “<”: 有符号/无符号不匹配
     1>c:\documents and settings\administrator.china-1d2299114\my documents\visual studio 2010\projects\c4.5\c4.5\c4.5.cpp(164): warning C4018: “<”: 有符号/无符号不匹配
     1>c:\documents and settings\administrator.china-1d2299114\my documents\visual studio 2010\projects\c4.5\c4.5\c4.5.cpp(169): warning C4018: “<”: 有符号/无符号不匹配
     1>c:\documents and settings\administrator.china-1d2299114\my documents\visual studio 2010\projects\c4.5\c4.5\c4.5.cpp(176): warning C4018: “<”: 有符号/无符号不匹配
     1>c:\documents and settings\administrator.china-1d2299114\my documents\visual studio 2010\projects\c4.5\c4.5\c4.5.cpp(179): warning C4018: “<”: 有符号/无符号不匹配
     1>c:\documents and settings\administrator.china-1d2299114\my documents\visual studio 2010\projects\c4.5\c4.5\c4.5.cpp(192): warning C4018: “<”: 有符号/无符号不匹配
     1>c:\documents and settings\administrator.china-1d2299114\my documents\visual studio 2010\projects\c4.5\c4.5\c4.5.cpp(203): warning C4018: “<”: 有符号/无符号不匹配
     1>c:\documents and settings\administrator.china-1d2299114\my documents\visual studio 2010\projects\c4.5\c4.5\c4.5.cpp(210): warning C4018: “<”: 有符号/无符号不匹配
     1>c:\documents and settings\administrator.china-1d2299114\my documents\visual studio 2010\projects\c4.5\c4.5\c4.5.cpp(211): warning C4018: “<”: 有符号/无符号不匹配
     1>c:\documents and settings\administrator.china-1d2299114\my documents\visual studio 2010\projects\c4.5\c4.5\c4.5.cpp(219): warning C4244: “参数”: 从“double”转换到“unsigned int”，可能丢失数据
     1>c:\documents and settings\administrator.china-1d2299114\my documents\visual studio 2010\projects\c4.5\c4.5\c4.5.cpp(220): warning C4244: “参数”: 从“double”转换到“unsigned int”，可能丢失数据
     1>c:\documents and settings\administrator.china-1d2299114\my documents\visual studio 2010\projects\c4.5\c4.5\c4.5.cpp(235): warning C4018: “<”: 有符号/无符号不匹配
     1>c:\documents and settings\administrator.china-1d2299114\my documents\visual studio 2010\projects\c4.5\c4.5\c4.5.cpp(261): warning C4018: “<”: 有符号/无符号不匹配
     1>c:\documents and settings\administrator.china-1d2299114\my documents\visual studio 2010\projects\c4.5\c4.5\c4.5.cpp(274): warning C4018: “<”: 有符号/无符号不匹配
     1>c:\documents and settings\administrator.china-1d2299114\my documents\visual studio 2010\projects\c4.5\c4.5\c4.5.cpp(281): warning C4018: “<”: 有符号/无符号不匹配
     1>c:\documents and settings\administrator.china-1d2299114\my documents\visual studio 2010\projects\c4.5\c4.5\c4.5.cpp(285): warning C4018: “<”: 有符号/无符号不匹配
     1>c:\documents and settings\administrator.china-1d2299114\my documents\visual studio 2010\projects\c4.5\c4.5\c4.5.cpp(309): warning C4018: “<”: 有符号/无符号不匹配
     1>c:\documents and settings\administrator.china-1d2299114\my documents\visual studio 2010\projects\c4.5\c4.5\c4.5.cpp(313): warning C4018: “<”: 有符号/无符号不匹配
     1>c:\documents and settings\administrator.china-1d2299114\my documents\visual studio 2010\projects\c4.5\c4.5\c4.5.cpp(323): warning C4018: “<”: 有符号/无符号不匹配
     1>c:\documents and settings\administrator.china-1d2299114\my documents\visual studio 2010\projects\c4.5\c4.5\c4.5.cpp(327): warning C4018: “<”: 有符号/无符号不匹配
     1>c:\documents and settings\administrator.china-1d2299114\my documents\visual studio 2010\projects\c4.5\c4.5\c4.5.cpp(359): warning C4018: “<”: 有符号/无符号不匹配
     1>c:\documents and settings\administrator.china-1d2299114\my documents\visual studio 2010\projects\c4.5\c4.5\c4.5.cpp(361): warning C4018: “<”: 有符号/无符号不匹配
     1>c:\documents and settings\administrator.china-1d2299114\my documents\visual studio 2010\projects\c4.5\c4.5\c4.5.cpp(368): warning C4018: “<”: 有符号/无符号不匹配
     1>c:\documents and settings\administrator.china-1d2299114\my documents\visual studio 2010\projects\c4.5\c4.5\c4.5.cpp(375): warning C4018: “<”: 有符号/无符号不匹配
     1>c:\documents and settings\administrator.china-1d2299114\my documents\visual studio 2010\projects\c4.5\c4.5\c4.5.cpp(382): warning C4018: “<”: 有符号/无符号不匹配
     1>c:\documents and settings\administrator.china-1d2299114\my documents\visual studio 2010\projects\c4.5\c4.5\c4.5.cpp(392): warning C4018: “<”: 有符号/无符号不匹配
     1>c:\documents and settings\administrator.china-1d2299114\my documents\visual studio 2010\projects\c4.5\c4.5\c4.5.cpp(397): warning C4018: “<”: 有符号/无符号不匹配
     1>c:\documents and settings\administrator.china-1d2299114\my documents\visual studio 2010\projects\c4.5\c4.5\c4.5.cpp(400): warning C4018: “<”: 有符号/无符号不匹配
     1>c:\documents and settings\administrator.china-1d2299114\my documents\visual studio 2010\projects\c4.5\c4.5\c4.5.cpp(404): warning C4018: “<”: 有符号/无符号不匹配
     1>c:\documents and settings\administrator.china-1d2299114\my documents\visual studio 2010\projects\c4.5\c4.5\c4.5.cpp(448): warning C4018: “<”: 有符号/无符号不匹配
     1>c:\documents and settings\administrator.china-1d2299114\my documents\visual studio 2010\projects\c4.5\c4.5\c4.5.cpp(541): warning C4018: “<”: 有符号/无符号不匹配
       ManifestResourceCompile:
         所有输出均为最新。
       Link:
         c:\Program Files\Microsoft Visual Studio 10.0\VC\bin\link.exe /ERRORREPORT:PROMPT /OUT:"C:\Documents and Settings\Administrator.CHINA-1D2299114\My Documents\Visual Studio 2010\Projects\C4.5\Debug\C4.5.exe" /INCREMENTAL /NOLOGO kernel32.lib user32.lib gdi32.lib winspool.lib comdlg32.lib advapi32.lib shell32.lib ole32.lib oleaut32.lib uuid.lib odbc32.lib odbccp32.lib /MANIFEST /ManifestFile:"Debug\C4.5.exe.intermediate.manifest" /MANIFESTUAC:"level='asInvoker' uiAccess='false'" /DEBUG /PDB:"C:\Documents and Settings\Administrator.CHINA-1D2299114\My Documents\Visual Studio 2010\Projects\C4.5\Debug\C4.5.pdb" /SUBSYSTEM:CONSOLE /TLBID:1 /DYNAMICBASE /NXCOMPAT /IMPLIB:"C:\Documents and Settings\Administrator.CHINA-1D2299114\My Documents\Visual Studio 2010\Projects\C4.5\Debug\C4.5.lib" /MACHINE:X86 Debug\C4.5.exe.embed.manifest.res
         Debug\C4.5.obj
       Manifest:
         c:\Program Files\Microsoft SDKs\Windows\v7.0A\bin\mt.exe /nologo /verbose /out:"Debug\C4.5.exe.embed.manifest" /manifest Debug\C4.5.exe.intermediate.manifest
         所有输出均为最新。
       LinkEmbedManifest:
         所有输出均为最新。
         C4.5.vcxproj -> C:\Documents and Settings\Administrator.CHINA-1D2299114\My Documents\Visual Studio 2010\Projects\C4.5\Debug\C4.5.exe
       FinalizeBuildStatus:
         正在删除文件“Debug\C4.5.unsuccessfulbuild”。
         正在对“Debug\C4.5.lastbuildstate”执行 Touch 任务。
     1>已完成生成项目“C:\Documents and Settings\Administrator.CHINA-1D2299114\My Documents\Visual Studio 2010\Projects\C4.5\C4.5\C4.5.vcxproj”(build 个目标)的操作。

生成成功。

已用时间 00:00:01.62
