生成启动时间为 2014-1-2 13:37:50。
     1>项目“C:\Documents and Settings\Administrator.CHINA-1D2299114\My Documents\visual studio 2010\Projects\Bayes\Bayes\Bayes.vcxproj”在节点 2 上(build 个目标)。
     1>PrepareForBuild:
         正在创建目录“C:\Documents and Settings\Administrator.CHINA-1D2299114\My Documents\Visual Studio 2010\Projects\Bayes\Debug\”。
       InitializeBuildStatus:
         正在创建“Debug\Bayes.unsuccessfulbuild”，因为已指定“AlwaysCreate”。
       ClCompile:
         c:\Program Files\Microsoft Visual Studio 10.0\VC\bin\CL.exe /c /ZI /nologo /W3 /WX- /Od /Oy- /D WIN32 /D _DEBUG /D _CONSOLE /D _UNICODE /D UNICODE /Gm /EHsc /RTC1 /MDd /GS /fp:precise /Zc:wchar_t /Zc:forScope /Fo"Debug\\" /Fd"Debug\vc100.pdb" /Gd /TP /analyze- /errorReport:prompt Bayes.cpp
         Bayes.cpp
     1>c:\documents and settings\administrator.china-1d2299114\my documents\visual studio 2010\projects\bayes\bayes\bayes.cpp(47): warning C4018: “<”: 有符号/无符号不匹配
     1>c:\documents and settings\administrator.china-1d2299114\my documents\visual studio 2010\projects\bayes\bayes\bayes.cpp(73): warning C4018: “<”: 有符号/无符号不匹配
     1>c:\documents and settings\administrator.china-1d2299114\my documents\visual studio 2010\projects\bayes\bayes\bayes.cpp(125): warning C4018: “<”: 有符号/无符号不匹配
     1>c:\documents and settings\administrator.china-1d2299114\my documents\visual studio 2010\projects\bayes\bayes\bayes.cpp(164): warning C4018: “<”: 有符号/无符号不匹配
     1>c:\documents and settings\administrator.china-1d2299114\my documents\visual studio 2010\projects\bayes\bayes\bayes.cpp(234): warning C4018: “<”: 有符号/无符号不匹配
     1>c:\documents and settings\administrator.china-1d2299114\my documents\visual studio 2010\projects\bayes\bayes\bayes.cpp(236): warning C4018: “<”: 有符号/无符号不匹配
     1>c:\documents and settings\administrator.china-1d2299114\my documents\visual studio 2010\projects\bayes\bayes\bayes.cpp(277): warning C4018: “<”: 有符号/无符号不匹配
       ManifestResourceCompile:
         所有输出均为最新。
       Link:
         c:\Program Files\Microsoft Visual Studio 10.0\VC\bin\link.exe /ERRORREPORT:PROMPT /OUT:"C:\Documents and Settings\Administrator.CHINA-1D2299114\My Documents\Visual Studio 2010\Projects\Bayes\Debug\Bayes.exe" /INCREMENTAL /NOLOGO kernel32.lib user32.lib gdi32.lib winspool.lib comdlg32.lib advapi32.lib shell32.lib ole32.lib oleaut32.lib uuid.lib odbc32.lib odbccp32.lib /MANIFEST /ManifestFile:"Debug\Bayes.exe.intermediate.manifest" /MANIFESTUAC:"level='asInvoker' uiAccess='false'" /DEBUG /PDB:"C:\Documents and Settings\Administrator.CHINA-1D2299114\My Documents\Visual Studio 2010\Projects\Bayes\Debug\Bayes.pdb" /SUBSYSTEM:CONSOLE /TLBID:1 /DYNAMICBASE /NXCOMPAT /IMPLIB:"C:\Documents and Settings\Administrator.CHINA-1D2299114\My Documents\Visual Studio 2010\Projects\Bayes\Debug\Bayes.lib" /MACHINE:X86 Debug\Bayes.exe.embed.manifest.res
         Debug\Bayes.obj
       Manifest:
         c:\Program Files\Microsoft SDKs\Windows\v7.0A\bin\mt.exe /nologo /verbose /out:"Debug\Bayes.exe.embed.manifest" /manifest Debug\Bayes.exe.intermediate.manifest
         所有输出均为最新。
       LinkEmbedManifest:
         所有输出均为最新。
         Bayes.vcxproj -> C:\Documents and Settings\Administrator.CHINA-1D2299114\My Documents\Visual Studio 2010\Projects\Bayes\Debug\Bayes.exe
       FinalizeBuildStatus:
         正在删除文件“Debug\Bayes.unsuccessfulbuild”。
         正在对“Debug\Bayes.lastbuildstate”执行 Touch 任务。
     1>已完成生成项目“C:\Documents and Settings\Administrator.CHINA-1D2299114\My Documents\visual studio 2010\Projects\Bayes\Bayes\Bayes.vcxproj”(build 个目标)的操作。

生成成功。

已用时间 00:00:01.62
