生成启动时间为 2014-1-2 13:02:06。
     1>项目“c:\documents and settings\administrator.china-1d2299114\my documents\visual studio 2010\Projects\Single-Linkage\Single-Linkage\Single-Linkage.vcxproj”在节点 2 上(build 个目标)。
     1>PrepareForBuild:
         正在创建目录“c:\documents and settings\administrator.china-1d2299114\my documents\visual studio 2010\Projects\Single-Linkage\Debug\”。
       InitializeBuildStatus:
         正在创建“Debug\Single-Linkage.unsuccessfulbuild”，因为已指定“AlwaysCreate”。
       ClCompile:
         c:\Program Files\Microsoft Visual Studio 10.0\VC\bin\CL.exe /c /ZI /nologo /W3 /WX- /Od /Oy- /D WIN32 /D _DEBUG /D _CONSOLE /D _UNICODE /D UNICODE /Gm /EHsc /RTC1 /MDd /GS /fp:precise /Zc:wchar_t /Zc:forScope /Fo"Debug\\" /Fd"Debug\vc100.pdb" /Gd /TP /analyze- /errorReport:prompt "Single-Linkage.cpp"
         Single-Linkage.cpp
     1>c:\documents and settings\administrator.china-1d2299114\my documents\visual studio 2010\projects\single-linkage\single-linkage\single-linkage.cpp(70): warning C4018: “<”: 有符号/无符号不匹配
     1>c:\documents and settings\administrator.china-1d2299114\my documents\visual studio 2010\projects\single-linkage\single-linkage\single-linkage.cpp(87): warning C4018: “<”: 有符号/无符号不匹配
     1>c:\documents and settings\administrator.china-1d2299114\my documents\visual studio 2010\projects\single-linkage\single-linkage\single-linkage.cpp(88): warning C4018: “<”: 有符号/无符号不匹配
     1>c:\documents and settings\administrator.china-1d2299114\my documents\visual studio 2010\projects\single-linkage\single-linkage\single-linkage.cpp(131): warning C4018: “<”: 有符号/无符号不匹配
     1>c:\documents and settings\administrator.china-1d2299114\my documents\visual studio 2010\projects\single-linkage\single-linkage\single-linkage.cpp(132): warning C4018: “<”: 有符号/无符号不匹配
     1>c:\documents and settings\administrator.china-1d2299114\my documents\visual studio 2010\projects\single-linkage\single-linkage\single-linkage.cpp(154): warning C4018: “<”: 有符号/无符号不匹配
     1>c:\documents and settings\administrator.china-1d2299114\my documents\visual studio 2010\projects\single-linkage\single-linkage\single-linkage.cpp(162): warning C4018: “<”: 有符号/无符号不匹配
     1>c:\documents and settings\administrator.china-1d2299114\my documents\visual studio 2010\projects\single-linkage\single-linkage\single-linkage.cpp(172): warning C4018: “<”: 有符号/无符号不匹配
     1>c:\documents and settings\administrator.china-1d2299114\my documents\visual studio 2010\projects\single-linkage\single-linkage\single-linkage.cpp(190): warning C4018: “<”: 有符号/无符号不匹配
     1>c:\documents and settings\administrator.china-1d2299114\my documents\visual studio 2010\projects\single-linkage\single-linkage\single-linkage.cpp(193): warning C4018: “<”: 有符号/无符号不匹配
       ManifestResourceCompile:
         c:\Program Files\Microsoft SDKs\Windows\v7.0A\bin\rc.exe /nologo /fo"Debug\Single-Linkage.exe.embed.manifest.res" Debug\Single-Linkage_manifest.rc 
       Link:
         c:\Program Files\Microsoft Visual Studio 10.0\VC\bin\link.exe /ERRORREPORT:PROMPT /OUT:"c:\documents and settings\administrator.china-1d2299114\my documents\visual studio 2010\Projects\Single-Linkage\Debug\Single-Linkage.exe" /INCREMENTAL /NOLOGO kernel32.lib user32.lib gdi32.lib winspool.lib comdlg32.lib advapi32.lib shell32.lib ole32.lib oleaut32.lib uuid.lib odbc32.lib odbccp32.lib /MANIFEST /ManifestFile:"Debug\Single-Linkage.exe.intermediate.manifest" /MANIFESTUAC:"level='asInvoker' uiAccess='false'" /DEBUG /PDB:"c:\documents and settings\administrator.china-1d2299114\my documents\visual studio 2010\Projects\Single-Linkage\Debug\Single-Linkage.pdb" /SUBSYSTEM:CONSOLE /TLBID:1 /DYNAMICBASE /NXCOMPAT /IMPLIB:"c:\documents and settings\administrator.china-1d2299114\my documents\visual studio 2010\Projects\Single-Linkage\Debug\Single-Linkage.lib" /MACHINE:X86 "Debug\Single-Linkage.exe.embed.manifest.res"
         "Debug\Single-Linkage.obj"
       Manifest:
         c:\Program Files\Microsoft SDKs\Windows\v7.0A\bin\mt.exe /nologo /verbose /out:"Debug\Single-Linkage.exe.embed.manifest" /manifest "Debug\Single-Linkage.exe.intermediate.manifest"
         c:\Program Files\Microsoft SDKs\Windows\v7.0A\bin\rc.exe /nologo /fo"Debug\Single-Linkage.exe.embed.manifest.res" Debug\Single-Linkage_manifest.rc 
       LinkEmbedManifest:
         c:\Program Files\Microsoft Visual Studio 10.0\VC\bin\link.exe /ERRORREPORT:PROMPT /OUT:"c:\documents and settings\administrator.china-1d2299114\my documents\visual studio 2010\Projects\Single-Linkage\Debug\Single-Linkage.exe" /INCREMENTAL /NOLOGO kernel32.lib user32.lib gdi32.lib winspool.lib comdlg32.lib advapi32.lib shell32.lib ole32.lib oleaut32.lib uuid.lib odbc32.lib odbccp32.lib /MANIFEST /ManifestFile:"Debug\Single-Linkage.exe.intermediate.manifest" /MANIFESTUAC:"level='asInvoker' uiAccess='false'" /DEBUG /PDB:"c:\documents and settings\administrator.china-1d2299114\my documents\visual studio 2010\Projects\Single-Linkage\Debug\Single-Linkage.pdb" /SUBSYSTEM:CONSOLE /TLBID:1 /DYNAMICBASE /NXCOMPAT /IMPLIB:"c:\documents and settings\administrator.china-1d2299114\my documents\visual studio 2010\Projects\Single-Linkage\Debug\Single-Linkage.lib" /MACHINE:X86 "Debug\Single-Linkage.exe.embed.manifest.res"
         "Debug\Single-Linkage.obj"
         Single-Linkage.vcxproj -> c:\documents and settings\administrator.china-1d2299114\my documents\visual studio 2010\Projects\Single-Linkage\Debug\Single-Linkage.exe
       FinalizeBuildStatus:
         正在删除文件“Debug\Single-Linkage.unsuccessfulbuild”。
         正在对“Debug\Single-Linkage.lastbuildstate”执行 Touch 任务。
     1>已完成生成项目“c:\documents and settings\administrator.china-1d2299114\my documents\visual studio 2010\Projects\Single-Linkage\Single-Linkage\Single-Linkage.vcxproj”(build 个目标)的操作。

生成成功。

已用时间 00:00:02.59
